<?xml version="1.0" encoding="UTF-8"?>
<!-- Generated by org.testng.reporters.JUnitReportReporter -->
<testsuite hostname="roshani-PC" name="PackagePageObject.CreateLoyaltyProgram" tests="1" failures="0" timestamp="12 Sep 2016 17:04:41 GMT" time="42.856" errors="0">
  <testcase name="testCreateLoyaltyProgram" time="42.856" classname="PackagePageObject.CreateLoyaltyProgram"/>
</testsuite> <!-- PackagePageObject.CreateLoyaltyProgram -->
